<?xml version="1.0" encoding="UTF-8"?>
<testsuite xmlns:xsi="http://www.w3.org/2001/XMLSchema-instance" xsi:schemaLocation="https://maven.apache.org/surefire/maven-surefire-plugin/xsd/surefire-test-report.xsd" name="jp.aegif.nemaki.cmis.tck.tests.ConnectionTestGroup" time="1.396" tests="2" errors="0" skipped="0" failures="0">
  <properties>
[...]
</properties>
  <testcase name="repositoryInfoOnlyTest" classname="jp.aegif.nemaki.cmis.tck.tests.ConnectionTestGroup" time="0.396"/>
  <testcase name="basicConnectionTest" classname="jp.aegif.nemaki.cmis.tck.tests.ConnectionTestGroup" time="0.981"/>
</testsuite>