<?xml version='1.0' encoding='UTF-8'?>
<testsuite xmlns:xsi="http://www.w3.org/2001/XMLSchema-instance" xsi:schemaLocation="https://maven.apache.org/surefire/maven-surefire-plugin/xsd/surefire-test-report.xsd" name="jp.aegif.nemaki.cmis.tck.tests.VersioningTestGroup" time="61.626" tests="4" errors="0" skipped="0" failures="0">
  <testcase name="versionDeleteTest" classname="jp.aegif.nemaki.cmis.tck.tests.VersioningTestGroup" time="17.193" />
  <testcase name="versioningStateCreateTest" classname="jp.aegif.nemaki.cmis.tck.tests.VersioningTestGroup" time="9.216" />
  <testcase name="checkedOutTest" classname="jp.aegif.nemaki.cmis.tck.tests.VersioningTestGroup" time="17.905" />
  <testcase name="versioningSmokeTest" classname="jp.aegif.nemaki.cmis.tck.tests.VersioningTestGroup" time="17.276" />
</testsuite>