<?xml version="1.0" encoding="UTF-8"?>
<testsuite xmlns:xsi="http://www.w3.org/2001/XMLSchema-instance" xsi:schemaLocation="https://maven.apache.org/surefire/maven-surefire-plugin/xsd/surefire-test-report.xsd" name="jp.aegif.nemaki.cmis.tck.tests.CrudTestGroup" time="962.03" tests="19" errors="0" skipped="0" failures="0">
  <properties>
[...]
</properties>
  <testcase name="createInvalidTypeTest" classname="jp.aegif.nemaki.cmis.tck.tests.CrudTestGroup" time="6.138"/>
  <testcase name="createDocumentWithoutContent" classname="jp.aegif.nemaki.cmis.tck.tests.CrudTestGroup" time="6.531"/>
  <testcase name="updateSmokeTest" classname="jp.aegif.nemaki.cmis.tck.tests.CrudTestGroup" time="12.983"/>
  <testcase name="operationContextTest" classname="jp.aegif.nemaki.cmis.tck.tests.CrudTestGroup" time="8.792"/>
  <testcase name="deleteTreeTest" classname="jp.aegif.nemaki.cmis.tck.tests.CrudTestGroup" time="61.309"/>
  <testcase name="contentRangesTest" classname="jp.aegif.nemaki.cmis.tck.tests.CrudTestGroup" time="9.377"/>
  <testcase name="copyTest" classname="jp.aegif.nemaki.cmis.tck.tests.CrudTestGroup" time="16.389"/>
  <testcase name="nameCharsetTest" classname="jp.aegif.nemaki.cmis.tck.tests.CrudTestGroup" time="109.993"/>
  <testcase name="setAndDeleteContentTest" classname="jp.aegif.nemaki.cmis.tck.tests.CrudTestGroup" time="29.118"/>
  <testcase name="changeTokenTest" classname="jp.aegif.nemaki.cmis.tck.tests.CrudTestGroup" time="23.298"/>
  <testcase name="moveTest" classname="jp.aegif.nemaki.cmis.tck.tests.CrudTestGroup" time="14.904"/>
  <testcase name="createAndDeleteFolderTest" classname="jp.aegif.nemaki.cmis.tck.tests.CrudTestGroup" time="222.456"/>
  <testcase name="createAndDeleteItemTest" classname="jp.aegif.nemaki.cmis.tck.tests.CrudTestGroup" time="58.753"/>
  <testcase name="createAndDeleteDocumentTest" classname="jp.aegif.nemaki.cmis.tck.tests.CrudTestGroup" time="191.87"/>
  <testcase name="createBigDocument" classname="jp.aegif.nemaki.cmis.tck.tests.CrudTestGroup" time="7.926"/>
  <testcase name="propertyFilterTest" classname="jp.aegif.nemaki.cmis.tck.tests.CrudTestGroup" time="10.173"/>
  <testcase name="createAndDeleteRelationshipTest" classname="jp.aegif.nemaki.cmis.tck.tests.CrudTestGroup" time="16.537"/>
  <testcase name="bulkUpdatePropertiesTest" classname="jp.aegif.nemaki.cmis.tck.tests.CrudTestGroup" time="145.781"/>
  <testcase name="whitespaceInNameTest" classname="jp.aegif.nemaki.cmis.tck.tests.CrudTestGroup" time="9.683"/>
</testsuite>