# JRE version: Java(TM) SE Runtime Environment (8.0_91-b15) (build 1.8.0_91-b15)
# Java VM: Java HotSpot(TM) 64-Bit Server VM (25.91-b15 mixed mode windows-amd64 compressed oops)
Heap:
 PSYoungGen      total 992768K, used 57690K [0x0000000756000000, 0x00000007a8800000, 0x00000007c0000000)
  eden space 856064K, 6% used [0x0000000756000000,0x0000000759856848,0x000000078a400000)
  from space 136704K, 0% used [0x000000078a400000,0x000000078a400000,0x0000000792980000)
  to   space 129536K, 0% used [0x00000007a0980000,0x00000007a0980000,0x00000007a8800000)
 ParOldGen       total 318976K, used 75398K [0x0000000682000000, 0x0000000695780000, 0x0000000756000000)
  object space 318976K, 23% used [0x0000000682000000,0x00000006869a1828,0x0000000695780000)
 Metaspace       used 57956K, capacity 59638K, committed 59864K, reserved 1101824K
  class space    used 7213K, capacity 7575K, committed 7680K, reserved 1048576K
GC Heap History (10 events):
Event: 9.040 GC heap before
{Heap before GC invocations=10 (full 1):
 PSYoungGen      total 748032K, used 70538K [0x0000000756000000, 0x00000007a2080000, 0x00000007c0000000)
  eden space 605696K, 0% used [0x0000000756000000,0x0000000756000000,0x000000077af80000)
  from space 142336K, 49% used [0x000000077af80000,0x000000077f462ad8,0x0000000783a80000)
  to   space 138240K, 0% used [0x0000000799980000,0x0000000799980000,0x00000007a2080000)
 ParOldGen       total 217088K, used 167328K [0x0000000682000000, 0x000000068f400000, 0x0000000756000000)
  object space 217088K, 77% used [0x0000000682000000,0x000000068c368118,0x000000068f400000)
 Metaspace       used 20981K, capacity 21216K, committed 21248K, reserved 1069056K
  class space    used 2459K, capacity 2528K, committed 2560K, reserved 1048576K
Event: 9.267 GC heap after
Heap after GC invocations=10 (full 1):
 PSYoungGen      total 748032K, used 0K [0x0000000756000000, 0x00000007a2080000, 0x00000007c0000000)
  eden space 605696K, 0% used [0x0000000756000000,0x0000000756000000,0x000000077af80000)
  from space 142336K, 0% used [0x000000077af80000,0x000000077af80000,0x0000000783a80000)
  to   space 138240K, 0% used [0x0000000799980000,0x0000000799980000,0x00000007a2080000)
 ParOldGen       total 290816K, used 132149K [0x0000000682000000, 0x0000000693c00000, 0x0000000756000000)
  object space 290816K, 45% used [0x0000000682000000,0x000000068a10d468,0x0000000693c00000)
 Metaspace       used 20981K, capacity 21216K, committed 21248K, reserved 1069056K
  class space    used 2459K, capacity 2528K, committed 2560K, reserved 1048576K
}
Event: 13.165 GC heap before
{Heap before GC invocations=11 (full 1):
 PSYoungGen      total 748032K, used 360539K [0x0000000756000000, 0x00000007a2080000, 0x00000007c0000000)
  eden space 605696K, 59% used [0x0000000756000000,0x000000076c016e58,0x000000077af80000)
  from space 142336K, 0% used [0x000000077af80000,0x000000077af80000,0x0000000783a80000)
  to   space 138240K, 0% used [0x0000000799980000,0x0000000799980000,0x00000007a2080000)
 ParOldGen       total 290816K, used 132149K [0x0000000682000000, 0x0000000693c00000, 0x0000000756000000)
  object space 290816K, 45% used [0x0000000682000000,0x000000068a10d468,0x0000000693c00000)
 Metaspace       used 34891K, capacity 35274K, committed 35416K, reserved 1081344K
  class space    used 4061K, capacity 4151K, committed 4224K, reserved 1048576K
Event: 13.207 GC heap after
Heap after GC invocations=11 (full 1):
 PSYoungGen      total 867328K, used 21694K [0x0000000756000000, 0x000000079af00000, 0x00000007c0000000)
  eden space 845312K, 0% used [0x0000000756000000,0x0000000756000000,0x0000000789980000)
  from space 22016K, 98% used [0x0000000799980000,0x000000079aeaf980,0x000000079af00000)
  to   space 136704K, 0% used [0x000000078a400000,0x000000078a400000,0x0000000792980000)
 ParOldGen       total 290816K, used 132157K [0x0000000682000000, 0x0000000693c00000, 0x0000000756000000)
  object space 290816K, 45% used [0x0000000682000000,0x000000068a10f468,0x0000000693c00000)
 Metaspace       used 34891K, capacity 35274K, committed 35416K, reserved 1081344K
  class space    used 4061K, capacity 4151K, committed 4224K, reserved 1048576K
}
Event: 13.207 GC heap before
{Heap before GC invocations=12 (full 2):
 PSYoungGen      total 867328K, used 21694K [0x0000000756000000, 0x000000079af00000, 0x00000007c0000000)
  eden space 845312K, 0% used [0x0000000756000000,0x0000000756000000,0x0000000789980000)
  from space 22016K, 98% used [0x0000000799980000,0x000000079aeaf980,0x000000079af00000)
  to   space 136704K, 0% used [0x000000078a400000,0x000000078a400000,0x0000000792980000)
 ParOldGen       total 290816K, used 132157K [0x0000000682000000, 0x0000000693c00000, 0x0000000756000000)
  object space 290816K, 45% used [0x0000000682000000,0x000000068a10f468,0x0000000693c00000)
 Metaspace       used 34891K, capacity 35274K, committed 35416K, reserved 1081344K
  class space    used 4061K, capacity 4151K, committed 4224K, reserved 1048576K
Event: 13.413 GC heap after
Heap after GC invocations=12 (full 2):
 PSYoungGen      total 867328K, used 0K [0x0000000756000000, 0x000000079af00000, 0x00000007c0000000)
  eden space 845312K, 0% used [0x0000000756000000,0x0000000756000000,0x0000000789980000)
  from space 22016K, 0% used [0x0000000799980000,0x0000000799980000,0x000000079af00000)
  to   space 136704K, 0% used [0x000000078a400000,0x000000078a400000,0x0000000792980000)
 ParOldGen       total 288768K, used 83452K [0x0000000682000000, 0x0000000693a00000, 0x0000000756000000)
  object space 288768K, 28% used [0x0000000682000000,0x000000068717f310,0x0000000693a00000)
 Metaspace       used 34891K, capacity 35274K, committed 35416K, reserved 1081344K
  class space    used 4061K, capacity 4151K, committed 4224K, reserved 1048576K
}
Event: 236.777 GC heap before
{Heap before GC invocations=13 (full 2):
 PSYoungGen      total 867328K, used 615247K [0x0000000756000000, 0x000000079af00000, 0x00000007c0000000)
  eden space 845312K, 72% used [0x0000000756000000,0x000000077b8d3d40,0x0000000789980000)
  from space 22016K, 0% used [0x0000000799980000,0x0000000799980000,0x000000079af00000)
  to   space 136704K, 0% used [0x000000078a400000,0x000000078a400000,0x0000000792980000)
 ParOldGen       total 288768K, used 83452K [0x0000000682000000, 0x0000000693a00000, 0x0000000756000000)
  object space 288768K, 28% used [0x0000000682000000,0x000000068717f310,0x0000000693a00000)
 Metaspace       used 57287K, capacity 58888K, committed 58968K, reserved 1101824K
  class space    used 7179K, capacity 7546K, committed 7552K, reserved 1048576K
Event: 236.828 GC heap after
Heap after GC invocations=13 (full 2):
 PSYoungGen      total 992768K, used 50351K [0x0000000756000000, 0x00000007a8800000, 0x00000007c0000000)
  eden space 856064K, 0% used [0x0000000756000000,0x0000000756000000,0x000000078a400000)
  from space 136704K, 36% used [0x000000078a400000,0x000000078d52bec8,0x0000000792980000)
  to   space 129536K, 0% used [0x00000007a0980000,0x00000007a0980000,0x00000007a8800000)
 ParOldGen       total 288768K, used 83468K [0x0000000682000000, 0x0000000693a00000, 0x0000000756000000)
  object space 288768K, 28% used [0x0000000682000000,0x0000000687183310,0x0000000693a00000)
 Metaspace       used 57287K, capacity 58888K, committed 58968K, reserved 1101824K
  class space    used 7179K, capacity 7546K, committed 7552K, reserved 1048576K
}
Event: 236.828 GC heap before
{Heap before GC invocations=14 (full 3):
 PSYoungGen      total 992768K, used 50351K [0x0000000756000000, 0x00000007a8800000, 0x00000007c0000000)
  eden space 856064K, 0% used [0x0000000756000000,0x0000000756000000,0x000000078a400000)
  from space 136704K, 36% used [0x000000078a400000,0x000000078d52bec8,0x0000000792980000)
  to   space 129536K, 0% used [0x00000007a0980000,0x00000007a0980000,0x00000007a8800000)
 ParOldGen       total 288768K, used 83468K [0x0000000682000000, 0x0000000693a00000, 0x0000000756000000)
  object space 288768K, 28% used [0x0000000682000000,0x0000000687183310,0x0000000693a00000)
 Metaspace       used 57287K, capacity 58888K, committed 58968K, reserved 1101824K
  class space    used 7179K, capacity 7546K, committed 7552K, reserved 1048576K
Event: 237.152 GC heap after
Heap after GC invocations=14 (full 3):
 PSYoungGen      total 992768K, used 0K [0x0000000756000000, 0x00000007a8800000, 0x00000007c0000000)
  eden space 856064K, 0% used [0x0000000756000000,0x0000000756000000,0x000000078a400000)
  from space 136704K, 0% used [0x000000078a400000,0x000000078a400000,0x0000000792980000)
  to   space 129536K, 0% used [0x00000007a0980000,0x00000007a0980000,0x00000007a8800000)
 ParOldGen       total 318976K, used 75398K [0x0000000682000000, 0x0000000695780000, 0x0000000756000000)
  object space 318976K, 23% used [0x0000000682000000,0x00000006869a1828,0x0000000695780000)
 Metaspace       used 57287K, capacity 58888K, committed 58968K, reserved 1101824K
  class space    used 7179K, capacity 7546K, committed 7552K, reserved 1048576K
}

