# JRE version: Java(TM) SE Runtime Environment (8.0_20-b26) (build 1.8.0_20-b26)
# Java VM: Java HotSpot(TM) 64-Bit Server VM (25.20-b23 mixed mode bsd-amd64 compressed oops)
Heap:
 PSYoungGen      total 302592K, used 236799K [0x00000007aab00000, 0x00000007c0000000, 0x00000007c0000000)
  eden space 253440K, 87% used [0x00000007aab00000,0x00000007b8300dd8,0x00000007ba280000)
  from space 49152K, 31% used [0x00000007bd000000,0x00000007bdf3eed0,0x00000007c0000000)
  to   space 46592K, 0% used [0x00000007ba280000,0x00000007ba280000,0x00000007bd000000)
 ParOldGen       total 699392K, used 112365K [0x0000000780000000, 0x00000007aab00000, 0x00000007aab00000)
  object space 699392K, 16% used [0x0000000780000000,0x0000000786dbb548,0x00000007aab00000)
 Metaspace       used 153602K, capacity 158832K, committed 159104K, reserved 1181696K
  class space    used 26019K, capacity 27447K, committed 27520K, reserved 1048576K
GC Heap History (10 events):
Event: 2947.376 GC heap before
{Heap before GC invocations=38 (full 2):
 PSYoungGen      total 288768K, used 246849K [0x00000007aab00000, 0x00000007c0000000, 0x00000007c0000000)
  eden space 228352K, 100% used [0x00000007aab00000,0x00000007b8a00000,0x00000007b8a00000)
  from space 60416K, 30% used [0x00000007b8a00000,0x00000007b9c10748,0x00000007bc500000)
  to   space 56320K, 0% used [0x00000007bc900000,0x00000007bc900000,0x00000007c0000000)
 ParOldGen       total 699392K, used 111981K [0x0000000780000000, 0x00000007aab00000, 0x00000007aab00000)
  object space 699392K, 16% used [0x0000000780000000,0x0000000786d5b528,0x00000007aab00000)
 Metaspace       used 147283K, capacity 152092K, committed 152320K, reserved 1175552K
  class space    used 24752K, capacity 26017K, committed 26112K, reserved 1048576K
Event: 2947.382 GC heap after
Heap after GC invocations=38 (full 2):
 PSYoungGen      total 294400K, used 5901K [0x00000007aab00000, 0x00000007c0000000, 0x00000007c0000000)
  eden space 238080K, 0% used [0x00000007aab00000,0x00000007aab00000,0x00000007b9380000)
  from space 56320K, 10% used [0x00000007bc900000,0x00000007bcec3400,0x00000007c0000000)
  to   space 54784K, 0% used [0x00000007b9380000,0x00000007b9380000,0x00000007bc900000)
 ParOldGen       total 699392K, used 112349K [0x0000000780000000, 0x00000007aab00000, 0x00000007aab00000)
  object space 699392K, 16% used [0x0000000780000000,0x0000000786db7548,0x00000007aab00000)
 Metaspace       used 147283K, capacity 152092K, committed 152320K, reserved 1175552K
  class space    used 24752K, capacity 26017K, committed 26112K, reserved 1048576K
}
Event: 2986.052 GC heap before
{Heap before GC invocations=39 (full 2):
 PSYoungGen      total 294400K, used 243981K [0x00000007aab00000, 0x00000007c0000000, 0x00000007c0000000)
  eden space 238080K, 100% used [0x00000007aab00000,0x00000007b9380000,0x00000007b9380000)
  from space 56320K, 10% used [0x00000007bc900000,0x00000007bcec3400,0x00000007c0000000)
  to   space 54784K, 0% used [0x00000007b9380000,0x00000007b9380000,0x00000007bc900000)
 ParOldGen       total 699392K, used 112349K [0x0000000780000000, 0x00000007aab00000, 0x00000007aab00000)
  object space 699392K, 16% used [0x0000000780000000,0x0000000786db7548,0x00000007aab00000)
 Metaspace       used 148086K, capacity 153056K, committed 153344K, reserved 1175552K
  class space    used 24948K, capacity 26253K, committed 26368K, reserved 1048576K
Event: 2986.063 GC heap after
Heap after GC invocations=39 (full 2):
 PSYoungGen      total 292864K, used 5085K [0x00000007aab00000, 0x00000007c0000000, 0x00000007c0000000)
  eden space 238080K, 0% used [0x00000007aab00000,0x00000007aab00000,0x00000007b9380000)
  from space 54784K, 9% used [0x00000007b9380000,0x00000007b98776f0,0x00000007bc900000)
  to   space 53248K, 0% used [0x00000007bcc00000,0x00000007bcc00000,0x00000007c0000000)
 ParOldGen       total 699392K, used 112349K [0x0000000780000000, 0x00000007aab00000, 0x00000007aab00000)
  object space 699392K, 16% used [0x0000000780000000,0x0000000786db7548,0x00000007aab00000)
 Metaspace       used 148086K, capacity 153056K, committed 153344K, reserved 1175552K
  class space    used 24948K, capacity 26253K, committed 26368K, reserved 1048576K
}
Event: 3015.058 GC heap before
{Heap before GC invocations=40 (full 2):
 PSYoungGen      total 292864K, used 243165K [0x00000007aab00000, 0x00000007c0000000, 0x00000007c0000000)
  eden space 238080K, 100% used [0x00000007aab00000,0x00000007b9380000,0x00000007b9380000)
  from space 54784K, 9% used [0x00000007b9380000,0x00000007b98776f0,0x00000007bc900000)
  to   space 53248K, 0% used [0x00000007bcc00000,0x00000007bcc00000,0x00000007c0000000)
 ParOldGen       total 699392K, used 112349K [0x0000000780000000, 0x00000007aab00000, 0x00000007aab00000)
  object space 699392K, 16% used [0x0000000780000000,0x0000000786db7548,0x00000007aab00000)
 Metaspace       used 148935K, capacity 154020K, committed 154240K, reserved 1177600K
  class space    used 25148K, capacity 26489K, committed 26496K, reserved 1048576K
Event: 3015.064 GC heap after
Heap after GC invocations=40 (full 2):
 PSYoungGen      total 297984K, used 4972K [0x00000007aab00000, 0x00000007c0000000, 0x00000007c0000000)
  eden space 244736K, 0% used [0x00000007aab00000,0x00000007aab00000,0x00000007b9a00000)
  from space 53248K, 9% used [0x00000007bcc00000,0x00000007bd0db030,0x00000007c0000000)
  to   space 51200K, 0% used [0x00000007b9a00000,0x00000007b9a00000,0x00000007bcc00000)
 ParOldGen       total 699392K, used 112349K [0x0000000780000000, 0x00000007aab00000, 0x00000007aab00000)
  object space 699392K, 16% used [0x0000000780000000,0x0000000786db7548,0x00000007aab00000)
 Metaspace       used 148935K, capacity 154020K, committed 154240K, reserved 1177600K
  class space    used 25148K, capacity 26489K, committed 26496K, reserved 1048576K
}
Event: 3053.929 GC heap before
{Heap before GC invocations=41 (full 2):
 PSYoungGen      total 297984K, used 249708K [0x00000007aab00000, 0x00000007c0000000, 0x00000007c0000000)
  eden space 244736K, 100% used [0x00000007aab00000,0x00000007b9a00000,0x00000007b9a00000)
  from space 53248K, 9% used [0x00000007bcc00000,0x00000007bd0db030,0x00000007c0000000)
  to   space 51200K, 0% used [0x00000007b9a00000,0x00000007b9a00000,0x00000007bcc00000)
 ParOldGen       total 699392K, used 112349K [0x0000000780000000, 0x00000007aab00000, 0x00000007aab00000)
  object space 699392K, 16% used [0x0000000780000000,0x0000000786db7548,0x00000007aab00000)
 Metaspace       used 149739K, capacity 154984K, committed 155264K, reserved 1177600K
  class space    used 25342K, capacity 26725K, committed 26752K, reserved 1048576K
Event: 3053.936 GC heap after
Heap after GC invocations=41 (full 2):
 PSYoungGen      total 295936K, used 4344K [0x00000007aab00000, 0x00000007c0000000, 0x00000007c0000000)
  eden space 244736K, 0% used [0x00000007aab00000,0x00000007aab00000,0x00000007b9a00000)
  from space 51200K, 8% used [0x00000007b9a00000,0x00000007b9e3e258,0x00000007bcc00000)
  to   space 49152K, 0% used [0x00000007bd000000,0x00000007bd000000,0x00000007c0000000)
 ParOldGen       total 699392K, used 112357K [0x0000000780000000, 0x00000007aab00000, 0x00000007aab00000)
  object space 699392K, 16% used [0x0000000780000000,0x0000000786db9548,0x00000007aab00000)
 Metaspace       used 149739K, capacity 154984K, committed 155264K, reserved 1177600K
  class space    used 25342K, capacity 26725K, committed 26752K, reserved 1048576K
}
Event: 3129.991 GC heap before
{Heap before GC invocations=42 (full 2):
 PSYoungGen      total 295936K, used 249080K [0x00000007aab00000, 0x00000007c0000000, 0x00000007c0000000)
  eden space 244736K, 100% used [0x00000007aab00000,0x00000007b9a00000,0x00000007b9a00000)
  from space 51200K, 8% used [0x00000007b9a00000,0x00000007b9e3e258,0x00000007bcc00000)
  to   space 49152K, 0% used [0x00000007bd000000,0x00000007bd000000,0x00000007c0000000)
 ParOldGen       total 699392K, used 112357K [0x0000000780000000, 0x00000007aab00000, 0x00000007aab00000)
  object space 699392K, 16% used [0x0000000780000000,0x0000000786db9548,0x00000007aab00000)
 Metaspace       used 150215K, capacity 155544K, committed 155776K, reserved 1177600K
  class space    used 25565K, capacity 26989K, committed 27008K, reserved 1048576K
Event: 3130.012 GC heap after
Heap after GC invocations=42 (full 2):
 PSYoungGen      total 302592K, used 15611K [0x00000007aab00000, 0x00000007c0000000, 0x00000007c0000000)
  eden space 253440K, 0% used [0x00000007aab00000,0x00000007aab00000,0x00000007ba280000)
  from space 49152K, 31% used [0x00000007bd000000,0x00000007bdf3eed0,0x00000007c0000000)
  to   space 46592K, 0% used [0x00000007ba280000,0x00000007ba280000,0x00000007bd000000)
 ParOldGen       total 699392K, used 112365K [0x0000000780000000, 0x00000007aab00000, 0x00000007aab00000)
  object space 699392K, 16% used [0x0000000780000000,0x0000000786dbb548,0x00000007aab00000)
 Metaspace       used 150215K, capacity 155544K, committed 155776K, reserved 1177600K
  class space    used 25565K, capacity 26989K, committed 27008K, reserved 1048576K
}

