# JRE version: Java(TM) SE Runtime Environment (8.0_20-b26) (build 1.8.0_20-b26)
# Java VM: Java HotSpot(TM) 64-Bit Server VM (25.20-b23 mixed mode bsd-amd64 compressed oops)
Heap:
 PSYoungGen      total 247808K, used 12453K [0x00000007aab00000, 0x00000007c0000000, 0x00000007c0000000)
  eden space 149504K, 6% used [0x00000007aab00000,0x00000007ab40d8a0,0x00000007b3d00000)
  from space 98304K, 3% used [0x00000007b3d00000,0x00000007b401bdf0,0x00000007b9d00000)
  to   space 97792K, 0% used [0x00000007ba080000,0x00000007ba080000,0x00000007c0000000)
 ParOldGen       total 699392K, used 68011K [0x0000000780000000, 0x00000007aab00000, 0x00000007aab00000)
  object space 699392K, 9% used [0x0000000780000000,0x000000078426aea0,0x00000007aab00000)
 Metaspace       used 120378K, capacity 121380K, committed 121728K, reserved 1150976K
  class space    used 20492K, capacity 20823K, committed 20864K, reserved 1048576K
GC Heap History (10 events):
Event: 74.217 GC heap before
{Heap before GC invocations=11 (full 2):
 PSYoungGen      total 159744K, used 4992K [0x00000007aab00000, 0x00000007c0000000, 0x00000007c0000000)
  eden space 154624K, 0% used [0x00000007aab00000,0x00000007aab00000,0x00000007b4200000)
  from space 5120K, 97% used [0x00000007b4200000,0x00000007b46e0280,0x00000007b4700000)
  to   space 100352K, 0% used [0x00000007b9e00000,0x00000007b9e00000,0x00000007c0000000)
 ParOldGen       total 699392K, used 147713K [0x0000000780000000, 0x00000007aab00000, 0x00000007aab00000)
  object space 699392K, 21% used [0x0000000780000000,0x00000007890406d8,0x00000007aab00000)
 Metaspace       used 107993K, capacity 108940K, committed 109184K, reserved 1138688K
  class space    used 18702K, capacity 18978K, committed 19072K, reserved 1048576K
Event: 74.441 GC heap after
Heap after GC invocations=11 (full 2):
 PSYoungGen      total 159744K, used 0K [0x00000007aab00000, 0x00000007c0000000, 0x00000007c0000000)
  eden space 154624K, 0% used [0x00000007aab00000,0x00000007aab00000,0x00000007b4200000)
  from space 5120K, 0% used [0x00000007b4200000,0x00000007b4200000,0x00000007b4700000)
  to   space 100352K, 0% used [0x00000007b9e00000,0x00000007b9e00000,0x00000007c0000000)
 ParOldGen       total 699392K, used 62907K [0x0000000780000000, 0x00000007aab00000, 0x00000007aab00000)
  object space 699392K, 8% used [0x0000000780000000,0x0000000783d6eed8,0x00000007aab00000)
 Metaspace       used 106824K, capacity 107498K, committed 109184K, reserved 1138688K
  class space    used 18342K, capacity 18505K, committed 19072K, reserved 1048576K
}
Event: 911.675 GC heap before
{Heap before GC invocations=12 (full 2):
 PSYoungGen      total 159744K, used 154624K [0x00000007aab00000, 0x00000007c0000000, 0x00000007c0000000)
  eden space 154624K, 100% used [0x00000007aab00000,0x00000007b4200000,0x00000007b4200000)
  from space 5120K, 0% used [0x00000007b4200000,0x00000007b4200000,0x00000007b4700000)
  to   space 100352K, 0% used [0x00000007b9e00000,0x00000007b9e00000,0x00000007c0000000)
 ParOldGen       total 699392K, used 62907K [0x0000000780000000, 0x00000007aab00000, 0x00000007aab00000)
  object space 699392K, 8% used [0x0000000780000000,0x0000000783d6eed8,0x00000007aab00000)
 Metaspace       used 117943K, capacity 118672K, committed 119168K, reserved 1148928K
  class space    used 19978K, capacity 20221K, committed 20352K, reserved 1048576K
Event: 911.692 GC heap after
Heap after GC invocations=12 (full 2):
 PSYoungGen      total 248832K, used 13804K [0x00000007aab00000, 0x00000007c0000000, 0x00000007c0000000)
  eden space 148480K, 0% used [0x00000007aab00000,0x00000007aab00000,0x00000007b3c00000)
  from space 100352K, 13% used [0x00000007b9e00000,0x00000007bab7b2d8,0x00000007c0000000)
  to   space 100352K, 0% used [0x00000007b3c00000,0x00000007b3c00000,0x00000007b9e00000)
 ParOldGen       total 699392K, used 62915K [0x0000000780000000, 0x00000007aab00000, 0x00000007aab00000)
  object space 699392K, 8% used [0x0000000780000000,0x0000000783d70ed8,0x00000007aab00000)
 Metaspace       used 117943K, capacity 118672K, committed 119168K, reserved 1148928K
  class space    used 19978K, capacity 20221K, committed 20352K, reserved 1048576K
}
Event: 914.510 GC heap before
{Heap before GC invocations=13 (full 2):
 PSYoungGen      total 248832K, used 162284K [0x00000007aab00000, 0x00000007c0000000, 0x00000007c0000000)
  eden space 148480K, 100% used [0x00000007aab00000,0x00000007b3c00000,0x00000007b3c00000)
  from space 100352K, 13% used [0x00000007b9e00000,0x00000007bab7b2d8,0x00000007c0000000)
  to   space 100352K, 0% used [0x00000007b3c00000,0x00000007b3c00000,0x00000007b9e00000)
 ParOldGen       total 699392K, used 62915K [0x0000000780000000, 0x00000007aab00000, 0x00000007aab00000)
  object space 699392K, 8% used [0x0000000780000000,0x0000000783d70ed8,0x00000007aab00000)
 Metaspace       used 118522K, capacity 119336K, committed 119808K, reserved 1148928K
  class space    used 20146K, capacity 20417K, committed 20480K, reserved 1048576K
Event: 914.520 GC heap after
Heap after GC invocations=13 (full 2):
 PSYoungGen      total 151552K, used 2817K [0x00000007aab00000, 0x00000007c0000000, 0x00000007c0000000)
  eden space 148480K, 0% used [0x00000007aab00000,0x00000007aab00000,0x00000007b3c00000)
  from space 3072K, 91% used [0x00000007b3c00000,0x00000007b3ec05e0,0x00000007b3f00000)
  to   space 101376K, 0% used [0x00000007b9d00000,0x00000007b9d00000,0x00000007c0000000)
 ParOldGen       total 699392K, used 67263K [0x0000000780000000, 0x00000007aab00000, 0x00000007aab00000)
  object space 699392K, 9% used [0x0000000780000000,0x00000007841afe30,0x00000007aab00000)
 Metaspace       used 118522K, capacity 119336K, committed 119808K, reserved 1148928K
  class space    used 20146K, capacity 20417K, committed 20480K, reserved 1048576K
}
Event: 1277.297 GC heap before
{Heap before GC invocations=14 (full 2):
 PSYoungGen      total 151552K, used 151297K [0x00000007aab00000, 0x00000007c0000000, 0x00000007c0000000)
  eden space 148480K, 100% used [0x00000007aab00000,0x00000007b3c00000,0x00000007b3c00000)
  from space 3072K, 91% used [0x00000007b3c00000,0x00000007b3ec05e0,0x00000007b3f00000)
  to   space 101376K, 0% used [0x00000007b9d00000,0x00000007b9d00000,0x00000007c0000000)
 ParOldGen       total 699392K, used 67263K [0x0000000780000000, 0x00000007aab00000, 0x00000007aab00000)
  object space 699392K, 9% used [0x0000000780000000,0x00000007841afe30,0x00000007aab00000)
 Metaspace       used 119547K, capacity 120466K, committed 120832K, reserved 1148928K
  class space    used 20382K, capacity 20686K, committed 20736K, reserved 1048576K
Event: 1277.335 GC heap after
Heap after GC invocations=14 (full 2):
 PSYoungGen      total 250880K, used 19779K [0x00000007aab00000, 0x00000007c0000000, 0x00000007c0000000)
  eden space 149504K, 0% used [0x00000007aab00000,0x00000007aab00000,0x00000007b3d00000)
  from space 101376K, 19% used [0x00000007b9d00000,0x00000007bb050d40,0x00000007c0000000)
  to   space 98304K, 0% used [0x00000007b3d00000,0x00000007b3d00000,0x00000007b9d00000)
 ParOldGen       total 699392K, used 67403K [0x0000000780000000, 0x00000007aab00000, 0x00000007aab00000)
  object space 699392K, 9% used [0x0000000780000000,0x00000007841d2e60,0x00000007aab00000)
 Metaspace       used 119547K, capacity 120466K, committed 120832K, reserved 1148928K
  class space    used 20382K, capacity 20686K, committed 20736K, reserved 1048576K
}
Event: 1278.988 GC heap before
{Heap before GC invocations=15 (full 2):
 PSYoungGen      total 250880K, used 169283K [0x00000007aab00000, 0x00000007c0000000, 0x00000007c0000000)
  eden space 149504K, 100% used [0x00000007aab00000,0x00000007b3d00000,0x00000007b3d00000)
  from space 101376K, 19% used [0x00000007b9d00000,0x00000007bb050d40,0x00000007c0000000)
  to   space 98304K, 0% used [0x00000007b3d00000,0x00000007b3d00000,0x00000007b9d00000)
 ParOldGen       total 699392K, used 67403K [0x0000000780000000, 0x00000007aab00000, 0x00000007aab00000)
  object space 699392K, 9% used [0x0000000780000000,0x00000007841d2e60,0x00000007aab00000)
 Metaspace       used 120137K, capacity 121156K, committed 121472K, reserved 1150976K
  class space    used 20470K, capacity 20791K, committed 20864K, reserved 1048576K
Event: 1278.994 GC heap after
Heap after GC invocations=15 (full 2):
 PSYoungGen      total 247808K, used 3183K [0x00000007aab00000, 0x00000007c0000000, 0x00000007c0000000)
  eden space 149504K, 0% used [0x00000007aab00000,0x00000007aab00000,0x00000007b3d00000)
  from space 98304K, 3% used [0x00000007b3d00000,0x00000007b401bdf0,0x00000007b9d00000)
  to   space 97792K, 0% used [0x00000007ba080000,0x00000007ba080000,0x00000007c0000000)
 ParOldGen       total 699392K, used 68011K [0x0000000780000000, 0x00000007aab00000, 0x00000007aab00000)
  object space 699392K, 9% used [0x0000000780000000,0x000000078426aea0,0x00000007aab00000)
 Metaspace       used 120137K, capacity 121156K, committed 121472K, reserved 1150976K
  class space    used 20470K, capacity 20791K, committed 20864K, reserved 1048576K
}

