# JRE version: Java(TM) SE Runtime Environment (8.0_20-b26) (build 1.8.0_20-b26)
# Java VM: Java HotSpot(TM) 64-Bit Server VM (25.20-b23 mixed mode bsd-amd64 compressed oops)
Heap:
 PSYoungGen      total 262656K, used 35743K [0x00000007aab00000, 0x00000007c0000000, 0x00000007c0000000)
  eden space 177152K, 18% used [0x00000007aab00000,0x00000007acb10f08,0x00000007b5800000)
  from space 85504K, 3% used [0x00000007bac80000,0x00000007baf56e40,0x00000007c0000000)
  to   space 86016K, 0% used [0x00000007b5800000,0x00000007b5800000,0x00000007bac00000)
 ParOldGen       total 699392K, used 136890K [0x0000000780000000, 0x00000007aab00000, 0x00000007aab00000)
  object space 699392K, 19% used [0x0000000780000000,0x00000007885ae908,0x00000007aab00000)
 Metaspace       used 128785K, capacity 130174K, committed 130348K, reserved 1157120K
  class space    used 21803K, capacity 22288K, committed 22316K, reserved 1048576K
GC Heap History (10 events):
Event: 705.984 GC heap before
{Heap before GC invocations=12 (full 2):
 PSYoungGen      total 265216K, used 207004K [0x00000007aab00000, 0x00000007c0000000, 0x00000007c0000000)
  eden space 181248K, 100% used [0x00000007aab00000,0x00000007b5c00000,0x00000007b5c00000)
  from space 83968K, 30% used [0x00000007b5c00000,0x00000007b7527248,0x00000007bae00000)
  to   space 82432K, 0% used [0x00000007baf80000,0x00000007baf80000,0x00000007c0000000)
 ParOldGen       total 699392K, used 116966K [0x0000000780000000, 0x00000007aab00000, 0x00000007aab00000)
  object space 699392K, 16% used [0x0000000780000000,0x0000000787239b58,0x00000007aab00000)
 Metaspace       used 125422K, capacity 126478K, committed 126764K, reserved 1155072K
  class space    used 21311K, capacity 21702K, committed 21804K, reserved 1048576K
Event: 706.053 GC heap after
Heap after GC invocations=12 (full 2):
 PSYoungGen      total 256512K, used 64694K [0x00000007aab00000, 0x00000007c0000000, 0x00000007c0000000)
  eden space 174080K, 0% used [0x00000007aab00000,0x00000007aab00000,0x00000007b5500000)
  from space 82432K, 78% used [0x00000007baf80000,0x00000007beeada58,0x00000007c0000000)
  to   space 87552K, 0% used [0x00000007b5500000,0x00000007b5500000,0x00000007baa80000)
 ParOldGen       total 699392K, used 116966K [0x0000000780000000, 0x00000007aab00000, 0x00000007aab00000)
  object space 699392K, 16% used [0x0000000780000000,0x0000000787239b58,0x00000007aab00000)
 Metaspace       used 125422K, capacity 126478K, committed 126764K, reserved 1155072K
  class space    used 21311K, capacity 21702K, committed 21804K, reserved 1048576K
}
Event: 709.522 GC heap before
{Heap before GC invocations=13 (full 2):
 PSYoungGen      total 256512K, used 238774K [0x00000007aab00000, 0x00000007c0000000, 0x00000007c0000000)
  eden space 174080K, 100% used [0x00000007aab00000,0x00000007b5500000,0x00000007b5500000)
  from space 82432K, 78% used [0x00000007baf80000,0x00000007beeada58,0x00000007c0000000)
  to   space 87552K, 0% used [0x00000007b5500000,0x00000007b5500000,0x00000007baa80000)
 ParOldGen       total 699392K, used 116966K [0x0000000780000000, 0x00000007aab00000, 0x00000007aab00000)
  object space 699392K, 16% used [0x0000000780000000,0x0000000787239b58,0x00000007aab00000)
 Metaspace       used 126346K, capacity 127438K, committed 127788K, reserved 1155072K
  class space    used 21366K, capacity 21766K, committed 21804K, reserved 1048576K
Event: 709.562 GC heap after
Heap after GC invocations=13 (full 2):
 PSYoungGen      total 179712K, used 5178K [0x00000007aab00000, 0x00000007c0000000, 0x00000007c0000000)
  eden space 174080K, 0% used [0x00000007aab00000,0x00000007aab00000,0x00000007b5500000)
  from space 5632K, 91% used [0x00000007b5500000,0x00000007b5a0e838,0x00000007b5a80000)
  to   space 89088K, 0% used [0x00000007ba900000,0x00000007ba900000,0x00000007c0000000)
 ParOldGen       total 699392K, used 134566K [0x0000000780000000, 0x00000007aab00000, 0x00000007aab00000)
  object space 699392K, 19% used [0x0000000780000000,0x0000000788369878,0x00000007aab00000)
 Metaspace       used 126346K, capacity 127438K, committed 127788K, reserved 1155072K
  class space    used 21366K, capacity 21766K, committed 21804K, reserved 1048576K
}
Event: 731.885 GC heap before
{Heap before GC invocations=14 (full 2):
 PSYoungGen      total 179712K, used 179258K [0x00000007aab00000, 0x00000007c0000000, 0x00000007c0000000)
  eden space 174080K, 100% used [0x00000007aab00000,0x00000007b5500000,0x00000007b5500000)
  from space 5632K, 91% used [0x00000007b5500000,0x00000007b5a0e838,0x00000007b5a80000)
  to   space 89088K, 0% used [0x00000007ba900000,0x00000007ba900000,0x00000007c0000000)
 ParOldGen       total 699392K, used 134566K [0x0000000780000000, 0x00000007aab00000, 0x00000007aab00000)
  object space 699392K, 19% used [0x0000000780000000,0x0000000788369878,0x00000007aab00000)
 Metaspace       used 126950K, capacity 128030K, committed 128300K, reserved 1155072K
  class space    used 21505K, capacity 21940K, committed 22060K, reserved 1048576K
Event: 731.925 GC heap after
Heap after GC invocations=14 (full 2):
 PSYoungGen      total 264192K, used 35290K [0x00000007aab00000, 0x00000007c0000000, 0x00000007c0000000)
  eden space 175104K, 0% used [0x00000007aab00000,0x00000007aab00000,0x00000007b5600000)
  from space 89088K, 39% used [0x00000007ba900000,0x00000007bcb768a0,0x00000007c0000000)
  to   space 84992K, 0% used [0x00000007b5600000,0x00000007b5600000,0x00000007ba900000)
 ParOldGen       total 699392K, used 135714K [0x0000000780000000, 0x00000007aab00000, 0x00000007aab00000)
  object space 699392K, 19% used [0x0000000780000000,0x00000007884888a8,0x00000007aab00000)
 Metaspace       used 126950K, capacity 128030K, committed 128300K, reserved 1155072K
  class space    used 21505K, capacity 21940K, committed 22060K, reserved 1048576K
}
Event: 815.673 GC heap before
{Heap before GC invocations=15 (full 2):
 PSYoungGen      total 264192K, used 210394K [0x00000007aab00000, 0x00000007c0000000, 0x00000007c0000000)
  eden space 175104K, 100% used [0x00000007aab00000,0x00000007b5600000,0x00000007b5600000)
  from space 89088K, 39% used [0x00000007ba900000,0x00000007bcb768a0,0x00000007c0000000)
  to   space 84992K, 0% used [0x00000007b5600000,0x00000007b5600000,0x00000007ba900000)
 ParOldGen       total 699392K, used 135714K [0x0000000780000000, 0x00000007aab00000, 0x00000007aab00000)
  object space 699392K, 19% used [0x0000000780000000,0x00000007884888a8,0x00000007aab00000)
 Metaspace       used 127944K, capacity 129192K, committed 129452K, reserved 1157120K
  class space    used 21695K, capacity 22177K, committed 22188K, reserved 1048576K
Event: 815.681 GC heap after
Heap after GC invocations=15 (full 2):
 PSYoungGen      total 260096K, used 7867K [0x00000007aab00000, 0x00000007c0000000, 0x00000007c0000000)
  eden space 175104K, 0% used [0x00000007aab00000,0x00000007aab00000,0x00000007b5600000)
  from space 84992K, 9% used [0x00000007b5600000,0x00000007b5daed60,0x00000007ba900000)
  to   space 85504K, 0% used [0x00000007bac80000,0x00000007bac80000,0x00000007c0000000)
 ParOldGen       total 699392K, used 136298K [0x0000000780000000, 0x00000007aab00000, 0x00000007aab00000)
  object space 699392K, 19% used [0x0000000780000000,0x000000078851a8d8,0x00000007aab00000)
 Metaspace       used 127944K, capacity 129192K, committed 129452K, reserved 1157120K
  class space    used 21695K, capacity 22177K, committed 22188K, reserved 1048576K
}
Event: 816.788 GC heap before
{Heap before GC invocations=16 (full 2):
 PSYoungGen      total 260096K, used 182971K [0x00000007aab00000, 0x00000007c0000000, 0x00000007c0000000)
  eden space 175104K, 100% used [0x00000007aab00000,0x00000007b5600000,0x00000007b5600000)
  from space 84992K, 9% used [0x00000007b5600000,0x00000007b5daed60,0x00000007ba900000)
  to   space 85504K, 0% used [0x00000007bac80000,0x00000007bac80000,0x00000007c0000000)
 ParOldGen       total 699392K, used 136298K [0x0000000780000000, 0x00000007aab00000, 0x00000007aab00000)
  object space 699392K, 19% used [0x0000000780000000,0x000000078851a8d8,0x00000007aab00000)
 Metaspace       used 128372K, capacity 129774K, committed 130092K, reserved 1157120K
  class space    used 21765K, capacity 22243K, committed 22316K, reserved 1048576K
Event: 816.801 GC heap after
Heap after GC invocations=16 (full 2):
 PSYoungGen      total 262656K, used 2907K [0x00000007aab00000, 0x00000007c0000000, 0x00000007c0000000)
  eden space 177152K, 0% used [0x00000007aab00000,0x00000007aab00000,0x00000007b5800000)
  from space 85504K, 3% used [0x00000007bac80000,0x00000007baf56e40,0x00000007c0000000)
  to   space 86016K, 0% used [0x00000007b5800000,0x00000007b5800000,0x00000007bac00000)
 ParOldGen       total 699392K, used 136890K [0x0000000780000000, 0x00000007aab00000, 0x00000007aab00000)
  object space 699392K, 19% used [0x0000000780000000,0x00000007885ae908,0x00000007aab00000)
 Metaspace       used 128372K, capacity 129774K, committed 130092K, reserved 1157120K
  class space    used 21765K, capacity 22243K, committed 22316K, reserved 1048576K
}

